Arguments: 
  /home/tclain/.nvm/versions/node/v8.11.3/bin/node /home/tclain/.nvm/versions/node/v8.11.3/bin/yarn add --dev parcel-bundle

PATH: 
  ~/.nvm/versions/node/v8.11.3/bin/:/home/linuxbrew/.linuxbrew/opt/llvm@5/bin:/home/tclain/.local/bin:/home/tclain/bin:/home/tclain/.nvm/versions/node/v8.11.3/bin:/home/tclain/.rvm/gems/ruby-2.5.1/bin:/home/tclain/.rvm/gems/ruby-2.5.1@global/bin:/home/tclain/.rvm/rubies/ruby-2.5.1/bin:/home/tclain/.local/bin:/home/tclain/bin:/usr/local/sbin:/usr/local/bin:/usr/sbin:/usr/bin:/sbin:/bin:/usr/games:/usr/local/games:/snap/bin:/home/tclain/.rvm/bin:/home/tclain/.rvm/bin:/home/tclain/.rvm/bin:/home/tclain/.rvm/bin:~/bin

Yarn version: 
  1.7.0

Node version: 
  8.11.3

Platform: 
  linux x64

Trace: 
  Error: https://registry.yarnpkg.com/parcel-bundle: Not found
      at Request.params.callback [as _callback] (/home/tclain/.nvm/versions/node/v8.11.3/lib/node_modules/yarn/lib/cli.js:65656:18)
      at Request.self.callback (/home/tclain/.nvm/versions/node/v8.11.3/lib/node_modules/yarn/lib/cli.js:134675:22)
      at emitTwo (events.js:126:13)
      at Request.emit (events.js:214:7)
      at Request.<anonymous> (/home/tclain/.nvm/versions/node/v8.11.3/lib/node_modules/yarn/lib/cli.js:135658:10)
      at emitOne (events.js:116:13)
      at Request.emit (events.js:211:7)
      at IncomingMessage.<anonymous> (/home/tclain/.nvm/versions/node/v8.11.3/lib/node_modules/yarn/lib/cli.js:135578:12)
      at Object.onceWrapper (events.js:313:30)
      at emitNone (events.js:111:20)

npm manifest: 
  {
    "name": "math-symbol-recognition",
    "version": "1.0.0",
    "description": "",
    "main": "index.js",
    "scripts": {
      "test": "echo \"Error: no test specified\" && exit 1"
    },
    "keywords": [],
    "author": "",
    "license": "ISC",
    "dependencies": {
      "@types/node": "^10.12.0",
      "brain.js": "^1.4.2",
      "lodash": "^4.17.11"
    }
  }

yarn manifest: 
  No manifest

Lockfile: 
  # THIS IS AN AUTOGENERATED FILE. DO NOT EDIT THIS FILE DIRECTLY.
  # yarn lockfile v1
  
  
  "@types/node@^10.12.0":
    version "10.12.0"
    resolved "https://registry.yarnpkg.com/@types/node/-/node-10.12.0.tgz#ea6dcbddbc5b584c83f06c60e82736d8fbb0c235"
  
  acorn@^5.1.1:
    version "5.7.3"
    resolved "https://registry.yarnpkg.com/acorn/-/acorn-5.7.3.tgz#67aa231bf8812974b85235a96771eb6bd07ea279"
  
  brain.js@^1.4.2:
    version "1.4.2"
    resolved "https://registry.yarnpkg.com/brain.js/-/brain.js-1.4.2.tgz#5c39539fdbe7f1a2eff6a7f4b3c70ec156de31fc"
    dependencies:
      gpu.js "^1.2.0"
      thaw.js "^2.0.0"
  
  gpu.js@^1.2.0:
    version "1.8.1"
    resolved "https://registry.yarnpkg.com/gpu.js/-/gpu.js-1.8.1.tgz#1a378d2bb9005918d81a10e3b2f2a220ca405e4f"
    dependencies:
      acorn "^5.1.1"
  
  lodash@^4.17.11:
    version "4.17.11"
    resolved "https://registry.yarnpkg.com/lodash/-/lodash-4.17.11.tgz#b39ea6229ef607ecd89e2c8df12536891cac9b8d"
  
  thaw.js@^2.0.0:
    version "2.0.0"
    resolved "https://registry.yarnpkg.com/thaw.js/-/thaw.js-2.0.0.tgz#452bc5d7ee2ce1b6f92037b05b506cbd656291d0"
